<?xml version="1.0" encoding="UTF-8"?>
<!-- Generated by org.testng.reporters.JUnitReportReporter -->
<testsuite hostname="DESKTOP-5A74DQH" failures="0" tests="8" name="naveenAutomationAssignment.Tests.MyAccountTest" time="79.125" errors="0" timestamp="2023-01-12T01:58:51 PST" skipped="0">
  <testcase classname="naveenAutomationAssignment.Tests.MyAccountTest" name="verifyAccountInfoOfFiveUsers" time="7.424"/>
  <system-out/>
  <testcase classname="naveenAutomationAssignment.Tests.MyAccountTest" name="verifyUserAbleToChangePhnNumber" time="8.151"/>
  <system-out/>
  <testcase classname="naveenAutomationAssignment.Tests.MyAccountTest" name="verifyAccountInfoOfFiveUsers" time="6.276"/>
  <system-out/>
  <testcase classname="naveenAutomationAssignment.Tests.MyAccountTest" name="verifyAccountInfoOfFiveUsers" time="7.975"/>
  <system-out/>
  <testcase classname="naveenAutomationAssignment.Tests.MyAccountTest" name="verifyAccountInfoOfFiveUsers" time="24.909"/>
  <system-out/>
  <testcase classname="naveenAutomationAssignment.Tests.MyAccountTest" name="verifyUserAbleToSubscribe" time="9.919"/>
  <system-out/>
  <testcase classname="naveenAutomationAssignment.Tests.MyAccountTest" name="verifyClickOnAllLaptopsAndNotebook" time="6.460"/>
  <system-out/>
  <testcase classname="naveenAutomationAssignment.Tests.MyAccountTest" name="verifyAccountInfoOfFiveUsers" time="8.011"/>
  <system-out/>
</testsuite> <!-- naveenAutomationAssignment.Tests.MyAccountTest -->
