<?xml version="1.0" encoding="UTF-8"?>
<!-- Generated by org.testng.reporters.JUnitReportReporter -->
<testsuite hostname="DESKTOP-5A74DQH" failures="0" tests="1" name="naveenAutomationAssignment.Tests.AddressBookTest" time="7.611" errors="0" timestamp="2023-01-12T01:58:50 PST" skipped="0">
  <testcase classname="naveenAutomationAssignment.Tests.AddressBookTest" name="deleteAddressFirstFromAddressBookTable" time="7.611"/>
  <system-out/>
</testsuite> <!-- naveenAutomationAssignment.Tests.AddressBookTest -->
