<?xml version="1.0" encoding="UTF-8"?>
<!-- Generated by org.testng.reporters.JUnitReportReporter -->
<testsuite hostname="DESKTOP-5A74DQH" failures="0" tests="1" name="naveenAutomationAssignment.Tests.UserAbleToRegister" time="10.918" errors="0" timestamp="30 Dec. 2022 01:20:51 GMT" skipped="0">
  <testcase classname="naveenAutomationAssignment.Tests.UserAbleToRegister" name="verifyUserAbleToRegister" time="10.918"/>
</testsuite> <!-- naveenAutomationAssignment.Tests.UserAbleToRegister -->
