<?xml version="1.0" encoding="UTF-8"?>
<!-- Generated by org.testng.reporters.JUnitReportReporter -->
<testsuite hostname="DESKTOP-5A74DQH" failures="0" tests="1" name="naveenAutomationAssignment.Tests.MyAccountClickOnHomeTestQ1" time="26.578" errors="0" timestamp="27 Dec. 2022 06:01:22 GMT" skipped="0">
  <testcase classname="naveenAutomationAssignment.Tests.MyAccountClickOnHomeTestQ1" name="UserAbleToRegister" time="26.578"/>
</testsuite> <!-- naveenAutomationAssignment.Tests.MyAccountClickOnHomeTestQ1 -->
