<?xml version="1.0" encoding="UTF-8"?>
<!-- Generated by org.testng.reporters.JUnitReportReporter -->
<testsuite hostname="DESKTOP-5A74DQH" failures="0" tests="500" name="naveenAutomationAssignment.Tests.ComparisonofCSSandXpath" time="2556.139" errors="0" timestamp="31 Dec. 2022 07:18:22 GMT" skipped="0">
  <testcase classname="naveenAutomationAssignment.Tests.ComparisonofCSSandXpath" name="userAbleLoginXpath" time="4.542"/>
  <testcase classname="naveenAutomationAssignment.Tests.ComparisonofCSSandXpath" name="userAbleLoginXpath" time="3.911"/>
  <testcase classname="naveenAutomationAssignment.Tests.ComparisonofCSSandXpath" name="userAbleLoginXpath" time="3.897"/>
  <testcase classname="naveenAutomationAssignment.Tests.ComparisonofCSSandXpath" name="userAbleLoginXpath" time="4.255"/>
  <testcase classname="naveenAutomationAssignment.Tests.ComparisonofCSSandXpath" name="userAbleLoginXpath" time="4.072"/>
  <testcase classname="naveenAutomationAssignment.Tests.ComparisonofCSSandXpath" name="userAbleLoginXpath" time="4.520"/>
  <testcase classname="naveenAutomationAssignment.Tests.ComparisonofCSSandXpath" name="userAbleLoginXpath" time="3.815"/>
  <testcase classname="naveenAutomationAssignment.Tests.ComparisonofCSSandXpath" name="userAbleLoginXpath" time="4.460"/>
  <testcase classname="naveenAutomationAssignment.Tests.ComparisonofCSSandXpath" name="userAbleLoginXpath" time="4.641"/>
  <testcase classname="naveenAutomationAssignment.Tests.ComparisonofCSSandXpath" name="userAbleLoginXpath" time="3.688"/>
  <testcase classname="naveenAutomationAssignment.Tests.ComparisonofCSSandXpath" name="userAbleLoginXpath" time="4.192"/>
  <testcase classname="naveenAutomationAssignment.Tests.ComparisonofCSSandXpath" name="userAbleLoginXpath" time="3.730"/>
  <testcase classname="naveenAutomationAssignment.Tests.ComparisonofCSSandXpath" name="userAbleLoginXpath" time="5.024"/>
  <testcase classname="naveenAutomationAssignment.Tests.ComparisonofCSSandXpath" name="userAbleLoginXpath" time="4.477"/>
  <testcase classname="naveenAutomationAssignment.Tests.ComparisonofCSSandXpath" name="userAbleLoginXpath" time="3.923"/>
  <testcase classname="naveenAutomationAssignment.Tests.ComparisonofCSSandXpath" name="userAbleLoginXpath" time="3.976"/>
  <testcase classname="naveenAutomationAssignment.Tests.ComparisonofCSSandXpath" name="userAbleLoginXpath" time="3.637"/>
  <testcase classname="naveenAutomationAssignment.Tests.ComparisonofCSSandXpath" name="userAbleLoginXpath" time="4.182"/>
  <testcase classname="naveenAutomationAssignment.Tests.ComparisonofCSSandXpath" name="userAbleLoginXpath" time="4.863"/>
  <testcase classname="naveenAutomationAssignment.Tests.ComparisonofCSSandXpath" name="userAbleLoginXpath" time="4.387"/>
  <testcase classname="naveenAutomationAssignment.Tests.ComparisonofCSSandXpath" name="userAbleLoginXpath" time="3.969"/>
  <testcase classname="naveenAutomationAssignment.Tests.ComparisonofCSSandXpath" name="userAbleLoginXpath" time="4.616"/>
  <testcase classname="naveenAutomationAssignment.Tests.ComparisonofCSSandXpath" name="userAbleLoginXpath" time="4.363"/>
  <testcase classname="naveenAutomationAssignment.Tests.ComparisonofCSSandXpath" name="userAbleLoginXpath" time="4.231"/>
  <testcase classname="naveenAutomationAssignment.Tests.ComparisonofCSSandXpath" name="userAbleLoginXpath" time="4.961"/>
  <testcase classname="naveenAutomationAssignment.Tests.ComparisonofCSSandXpath" name="userAbleLoginXpath" time="4.435"/>
  <testcase classname="naveenAutomationAssignment.Tests.ComparisonofCSSandXpath" name="userAbleLoginXpath" time="19.781"/>
  <testcase classname="naveenAutomationAssignment.Tests.ComparisonofCSSandXpath" name="userAbleLoginXpath" time="3.797"/>
  <testcase classname="naveenAutomationAssignment.Tests.ComparisonofCSSandXpath" name="userAbleLoginXpath" time="3.936"/>
  <testcase classname="naveenAutomationAssignment.Tests.ComparisonofCSSandXpath" name="userAbleLoginXpath" time="4.465"/>
  <testcase classname="naveenAutomationAssignment.Tests.ComparisonofCSSandXpath" name="userAbleLoginXpath" time="4.004"/>
  <testcase classname="naveenAutomationAssignment.Tests.ComparisonofCSSandXpath" name="userAbleLoginXpath" time="4.134"/>
  <testcase classname="naveenAutomationAssignment.Tests.ComparisonofCSSandXpath" name="userAbleLoginXpath" time="3.792"/>
  <testcase classname="naveenAutomationAssignment.Tests.ComparisonofCSSandXpath" name="userAbleLoginXpath" time="6.626"/>
  <testcase classname="naveenAutomationAssignment.Tests.ComparisonofCSSandXpath" name="userAbleLoginXpath" time="20.539"/>
  <testcase classname="naveenAutomationAssignment.Tests.ComparisonofCSSandXpath" name="userAbleLoginXpath" time="20.509"/>
  <testcase classname="naveenAutomationAssignment.Tests.ComparisonofCSSandXpath" name="userAbleLoginXpath" time="6.095"/>
  <testcase classname="naveenAutomationAssignment.Tests.ComparisonofCSSandXpath" name="userAbleLoginXpath" time="5.592"/>
  <testcase classname="naveenAutomationAssignment.Tests.ComparisonofCSSandXpath" name="userAbleLoginXpath" time="4.113"/>
  <testcase classname="naveenAutomationAssignment.Tests.ComparisonofCSSandXpath" name="userAbleLoginXpath" time="4.634"/>
  <testcase classname="naveenAutomationAssignment.Tests.ComparisonofCSSandXpath" name="userAbleLoginXpath" time="3.855"/>
  <testcase classname="naveenAutomationAssignment.Tests.ComparisonofCSSandXpath" name="userAbleLoginXpath" time="3.922"/>
  <testcase classname="naveenAutomationAssignment.Tests.ComparisonofCSSandXpath" name="userAbleLoginXpath" time="5.717"/>
  <testcase classname="naveenAutomationAssignment.Tests.ComparisonofCSSandXpath" name="userAbleLoginXpath" time="8.368"/>
  <testcase classname="naveenAutomationAssignment.Tests.ComparisonofCSSandXpath" name="userAbleLoginXpath" time="3.610"/>
  <testcase classname="naveenAutomationAssignment.Tests.ComparisonofCSSandXpath" name="userAbleLoginXpath" time="5.825"/>
  <testcase classname="naveenAutomationAssignment.Tests.ComparisonofCSSandXpath" name="userAbleLoginXpath" time="4.160"/>
  <testcase classname="naveenAutomationAssignment.Tests.ComparisonofCSSandXpath" name="userAbleLoginXpath" time="9.252"/>
  <testcase classname="naveenAutomationAssignment.Tests.ComparisonofCSSandXpath" name="userAbleLoginXpath" time="4.820"/>
  <testcase classname="naveenAutomationAssignment.Tests.ComparisonofCSSandXpath" name="userAbleLoginXpath" time="4.087"/>
  <testcase classname="naveenAutomationAssignment.Tests.ComparisonofCSSandXpath" name="userAbleLoginXpath" time="4.171"/>
  <testcase classname="naveenAutomationAssignment.Tests.ComparisonofCSSandXpath" name="userAbleLoginXpath" time="3.877"/>
  <testcase classname="naveenAutomationAssignment.Tests.ComparisonofCSSandXpath" name="userAbleLoginXpath" time="3.966"/>
  <testcase classname="naveenAutomationAssignment.Tests.ComparisonofCSSandXpath" name="userAbleLoginXpath" time="9.047"/>
  <testcase classname="naveenAutomationAssignment.Tests.ComparisonofCSSandXpath" name="userAbleLoginXpath" time="8.282"/>
  <testcase classname="naveenAutomationAssignment.Tests.ComparisonofCSSandXpath" name="userAbleLoginXpath" time="3.917"/>
  <testcase classname="naveenAutomationAssignment.Tests.ComparisonofCSSandXpath" name="userAbleLoginXpath" time="3.908"/>
  <testcase classname="naveenAutomationAssignment.Tests.ComparisonofCSSandXpath" name="userAbleLoginXpath" time="4.301"/>
  <testcase classname="naveenAutomationAssignment.Tests.ComparisonofCSSandXpath" name="userAbleLoginXpath" time="4.239"/>
  <testcase classname="naveenAutomationAssignment.Tests.ComparisonofCSSandXpath" name="userAbleLoginXpath" time="3.805"/>
  <testcase classname="naveenAutomationAssignment.Tests.ComparisonofCSSandXpath" name="userAbleLoginXpath" time="7.911"/>
  <testcase classname="naveenAutomationAssignment.Tests.ComparisonofCSSandXpath" name="userAbleLoginXpath" time="4.014"/>
  <testcase classname="naveenAutomationAssignment.Tests.ComparisonofCSSandXpath" name="userAbleLoginXpath" time="3.990"/>
  <testcase classname="naveenAutomationAssignment.Tests.ComparisonofCSSandXpath" name="userAbleLoginXpath" time="4.664"/>
  <testcase classname="naveenAutomationAssignment.Tests.ComparisonofCSSandXpath" name="userAbleLoginXpath" time="17.792"/>
  <testcase classname="naveenAutomationAssignment.Tests.ComparisonofCSSandXpath" name="userAbleLoginXpath" time="4.787"/>
  <testcase classname="naveenAutomationAssignment.Tests.ComparisonofCSSandXpath" name="userAbleLoginXpath" time="3.852"/>
  <testcase classname="naveenAutomationAssignment.Tests.ComparisonofCSSandXpath" name="userAbleLoginXpath" time="4.679"/>
  <testcase classname="naveenAutomationAssignment.Tests.ComparisonofCSSandXpath" name="userAbleLoginXpath" time="4.095"/>
  <testcase classname="naveenAutomationAssignment.Tests.ComparisonofCSSandXpath" name="userAbleLoginXpath" time="3.683"/>
  <testcase classname="naveenAutomationAssignment.Tests.ComparisonofCSSandXpath" name="userAbleLoginXpath" time="3.822"/>
  <testcase classname="naveenAutomationAssignment.Tests.ComparisonofCSSandXpath" name="userAbleLoginXpath" time="4.433"/>
  <testcase classname="naveenAutomationAssignment.Tests.ComparisonofCSSandXpath" name="userAbleLoginXpath" time="3.749"/>
  <testcase classname="naveenAutomationAssignment.Tests.ComparisonofCSSandXpath" name="userAbleLoginXpath" time="4.325"/>
  <testcase classname="naveenAutomationAssignment.Tests.ComparisonofCSSandXpath" name="userAbleLoginXpath" time="19.725"/>
  <testcase classname="naveenAutomationAssignment.Tests.ComparisonofCSSandXpath" name="userAbleLoginXpath" time="4.276"/>
  <testcase classname="naveenAutomationAssignment.Tests.ComparisonofCSSandXpath" name="userAbleLoginXpath" time="3.682"/>
  <testcase classname="naveenAutomationAssignment.Tests.ComparisonofCSSandXpath" name="userAbleLoginXpath" time="4.087"/>
  <testcase classname="naveenAutomationAssignment.Tests.ComparisonofCSSandXpath" name="userAbleLoginXpath" time="3.987"/>
  <testcase classname="naveenAutomationAssignment.Tests.ComparisonofCSSandXpath" name="userAbleLoginXpath" time="4.020"/>
  <testcase classname="naveenAutomationAssignment.Tests.ComparisonofCSSandXpath" name="userAbleLoginXpath" time="3.673"/>
  <testcase classname="naveenAutomationAssignment.Tests.ComparisonofCSSandXpath" name="userAbleLoginXpath" time="4.029"/>
  <testcase classname="naveenAutomationAssignment.Tests.ComparisonofCSSandXpath" name="userAbleLoginXpath" time="4.076"/>
  <testcase classname="naveenAutomationAssignment.Tests.ComparisonofCSSandXpath" name="userAbleLoginXpath" time="4.408"/>
  <testcase classname="naveenAutomationAssignment.Tests.ComparisonofCSSandXpath" name="userAbleLoginXpath" time="4.653"/>
  <testcase classname="naveenAutomationAssignment.Tests.ComparisonofCSSandXpath" name="userAbleLoginXpath" time="3.884"/>
  <testcase classname="naveenAutomationAssignment.Tests.ComparisonofCSSandXpath" name="userAbleLoginXpath" time="4.319"/>
  <testcase classname="naveenAutomationAssignment.Tests.ComparisonofCSSandXpath" name="userAbleLoginXpath" time="20.683"/>
  <testcase classname="naveenAutomationAssignment.Tests.ComparisonofCSSandXpath" name="userAbleLoginXpath" time="4.633"/>
  <testcase classname="naveenAutomationAssignment.Tests.ComparisonofCSSandXpath" name="userAbleLoginXpath" time="4.277"/>
  <testcase classname="naveenAutomationAssignment.Tests.ComparisonofCSSandXpath" name="userAbleLoginXpath" time="3.941"/>
  <testcase classname="naveenAutomationAssignment.Tests.ComparisonofCSSandXpath" name="userAbleLoginXpath" time="4.096"/>
  <testcase classname="naveenAutomationAssignment.Tests.ComparisonofCSSandXpath" name="userAbleLoginXpath" time="3.669"/>
  <testcase classname="naveenAutomationAssignment.Tests.ComparisonofCSSandXpath" name="userAbleLoginXpath" time="4.515"/>
  <testcase classname="naveenAutomationAssignment.Tests.ComparisonofCSSandXpath" name="userAbleLoginXpath" time="4.284"/>
  <testcase classname="naveenAutomationAssignment.Tests.ComparisonofCSSandXpath" name="userAbleLoginXpath" time="4.365"/>
  <testcase classname="naveenAutomationAssignment.Tests.ComparisonofCSSandXpath" name="userAbleLoginXpath" time="3.912"/>
  <testcase classname="naveenAutomationAssignment.Tests.ComparisonofCSSandXpath" name="userAbleLoginXpath" time="3.887"/>
  <testcase classname="naveenAutomationAssignment.Tests.ComparisonofCSSandXpath" name="userAbleLoginXpath" time="3.632"/>
  <testcase classname="naveenAutomationAssignment.Tests.ComparisonofCSSandXpath" name="userAbleLoginXpath" time="4.422"/>
  <testcase classname="naveenAutomationAssignment.Tests.ComparisonofCSSandXpath" name="userAbleLoginXpath" time="4.504"/>
  <testcase classname="naveenAutomationAssignment.Tests.ComparisonofCSSandXpath" name="userAbleLoginXpath" time="3.990"/>
  <testcase classname="naveenAutomationAssignment.Tests.ComparisonofCSSandXpath" name="userAbleLoginXpath" time="4.024"/>
  <testcase classname="naveenAutomationAssignment.Tests.ComparisonofCSSandXpath" name="userAbleLoginXpath" time="4.580"/>
  <testcase classname="naveenAutomationAssignment.Tests.ComparisonofCSSandXpath" name="userAbleLoginXpath" time="3.476"/>
  <testcase classname="naveenAutomationAssignment.Tests.ComparisonofCSSandXpath" name="userAbleLoginXpath" time="5.712"/>
  <testcase classname="naveenAutomationAssignment.Tests.ComparisonofCSSandXpath" name="userAbleLoginXpath" time="5.332"/>
  <testcase classname="naveenAutomationAssignment.Tests.ComparisonofCSSandXpath" name="userAbleLoginXpath" time="4.047"/>
  <testcase classname="naveenAutomationAssignment.Tests.ComparisonofCSSandXpath" name="userAbleLoginXpath" time="4.040"/>
  <testcase classname="naveenAutomationAssignment.Tests.ComparisonofCSSandXpath" name="userAbleLoginXpath" time="4.366"/>
  <testcase classname="naveenAutomationAssignment.Tests.ComparisonofCSSandXpath" name="userAbleLoginXpath" time="4.395"/>
  <testcase classname="naveenAutomationAssignment.Tests.ComparisonofCSSandXpath" name="userAbleLoginXpath" time="4.109"/>
  <testcase classname="naveenAutomationAssignment.Tests.ComparisonofCSSandXpath" name="userAbleLoginXpath" time="4.592"/>
  <testcase classname="naveenAutomationAssignment.Tests.ComparisonofCSSandXpath" name="userAbleLoginXpath" time="3.972"/>
  <testcase classname="naveenAutomationAssignment.Tests.ComparisonofCSSandXpath" name="userAbleLoginXpath" time="4.355"/>
  <testcase classname="naveenAutomationAssignment.Tests.ComparisonofCSSandXpath" name="userAbleLoginXpath" time="20.070"/>
  <testcase classname="naveenAutomationAssignment.Tests.ComparisonofCSSandXpath" name="userAbleLoginXpath" time="4.852"/>
  <testcase classname="naveenAutomationAssignment.Tests.ComparisonofCSSandXpath" name="userAbleLoginXpath" time="4.878"/>
  <testcase classname="naveenAutomationAssignment.Tests.ComparisonofCSSandXpath" name="userAbleLoginXpath" time="6.581"/>
  <testcase classname="naveenAutomationAssignment.Tests.ComparisonofCSSandXpath" name="userAbleLoginXpath" time="4.424"/>
  <testcase classname="naveenAutomationAssignment.Tests.ComparisonofCSSandXpath" name="userAbleLoginXpath" time="4.426"/>
  <testcase classname="naveenAutomationAssignment.Tests.ComparisonofCSSandXpath" name="userAbleLoginXpath" time="4.370"/>
  <testcase classname="naveenAutomationAssignment.Tests.ComparisonofCSSandXpath" name="userAbleLoginXpath" time="4.450"/>
  <testcase classname="naveenAutomationAssignment.Tests.ComparisonofCSSandXpath" name="userAbleLoginXpath" time="4.195"/>
  <testcase classname="naveenAutomationAssignment.Tests.ComparisonofCSSandXpath" name="userAbleLoginXpath" time="4.052"/>
  <testcase classname="naveenAutomationAssignment.Tests.ComparisonofCSSandXpath" name="userAbleLoginXpath" time="4.571"/>
  <testcase classname="naveenAutomationAssignment.Tests.ComparisonofCSSandXpath" name="userAbleLoginXpath" time="4.133"/>
  <testcase classname="naveenAutomationAssignment.Tests.ComparisonofCSSandXpath" name="userAbleLoginXpath" time="4.815"/>
  <testcase classname="naveenAutomationAssignment.Tests.ComparisonofCSSandXpath" name="userAbleLoginXpath" time="3.525"/>
  <testcase classname="naveenAutomationAssignment.Tests.ComparisonofCSSandXpath" name="userAbleLoginXpath" time="4.285"/>
  <testcase classname="naveenAutomationAssignment.Tests.ComparisonofCSSandXpath" name="userAbleLoginXpath" time="5.100"/>
  <testcase classname="naveenAutomationAssignment.Tests.ComparisonofCSSandXpath" name="userAbleLoginXpath" time="4.039"/>
  <testcase classname="naveenAutomationAssignment.Tests.ComparisonofCSSandXpath" name="userAbleLoginXpath" time="4.243"/>
  <testcase classname="naveenAutomationAssignment.Tests.ComparisonofCSSandXpath" name="userAbleLoginXpath" time="4.142"/>
  <testcase classname="naveenAutomationAssignment.Tests.ComparisonofCSSandXpath" name="userAbleLoginXpath" time="4.095"/>
  <testcase classname="naveenAutomationAssignment.Tests.ComparisonofCSSandXpath" name="userAbleLoginXpath" time="20.207"/>
  <testcase classname="naveenAutomationAssignment.Tests.ComparisonofCSSandXpath" name="userAbleLoginXpath" time="4.621"/>
  <testcase classname="naveenAutomationAssignment.Tests.ComparisonofCSSandXpath" name="userAbleLoginXpath" time="4.063"/>
  <testcase classname="naveenAutomationAssignment.Tests.ComparisonofCSSandXpath" name="userAbleLoginXpath" time="5.869"/>
  <testcase classname="naveenAutomationAssignment.Tests.ComparisonofCSSandXpath" name="userAbleLoginXpath" time="4.009"/>
  <testcase classname="naveenAutomationAssignment.Tests.ComparisonofCSSandXpath" name="userAbleLoginXpath" time="4.174"/>
  <testcase classname="naveenAutomationAssignment.Tests.ComparisonofCSSandXpath" name="userAbleLoginXpath" time="3.606"/>
  <testcase classname="naveenAutomationAssignment.Tests.ComparisonofCSSandXpath" name="userAbleLoginXpath" time="3.938"/>
  <testcase classname="naveenAutomationAssignment.Tests.ComparisonofCSSandXpath" name="userAbleLoginXpath" time="4.687"/>
  <testcase classname="naveenAutomationAssignment.Tests.ComparisonofCSSandXpath" name="userAbleLoginXpath" time="4.966"/>
  <testcase classname="naveenAutomationAssignment.Tests.ComparisonofCSSandXpath" name="userAbleLoginXpath" time="4.093"/>
  <testcase classname="naveenAutomationAssignment.Tests.ComparisonofCSSandXpath" name="userAbleLoginXpath" time="4.156"/>
  <testcase classname="naveenAutomationAssignment.Tests.ComparisonofCSSandXpath" name="userAbleLoginXpath" time="5.835"/>
  <testcase classname="naveenAutomationAssignment.Tests.ComparisonofCSSandXpath" name="userAbleLoginXpath" time="3.789"/>
  <testcase classname="naveenAutomationAssignment.Tests.ComparisonofCSSandXpath" name="userAbleLoginXpath" time="4.536"/>
  <testcase classname="naveenAutomationAssignment.Tests.ComparisonofCSSandXpath" name="userAbleLoginXpath" time="3.628"/>
  <testcase classname="naveenAutomationAssignment.Tests.ComparisonofCSSandXpath" name="userAbleLoginXpath" time="4.486"/>
  <testcase classname="naveenAutomationAssignment.Tests.ComparisonofCSSandXpath" name="userAbleLoginXpath" time="4.141"/>
  <testcase classname="naveenAutomationAssignment.Tests.ComparisonofCSSandXpath" name="userAbleLoginXpath" time="3.847"/>
  <testcase classname="naveenAutomationAssignment.Tests.ComparisonofCSSandXpath" name="userAbleLoginXpath" time="4.026"/>
  <testcase classname="naveenAutomationAssignment.Tests.ComparisonofCSSandXpath" name="userAbleLoginXpath" time="15.451"/>
  <testcase classname="naveenAutomationAssignment.Tests.ComparisonofCSSandXpath" name="userAbleLoginXpath" time="5.299"/>
  <testcase classname="naveenAutomationAssignment.Tests.ComparisonofCSSandXpath" name="userAbleLoginXpath" time="3.806"/>
  <testcase classname="naveenAutomationAssignment.Tests.ComparisonofCSSandXpath" name="userAbleLoginXpath" time="19.827"/>
  <testcase classname="naveenAutomationAssignment.Tests.ComparisonofCSSandXpath" name="userAbleLoginXpath" time="5.654"/>
  <testcase classname="naveenAutomationAssignment.Tests.ComparisonofCSSandXpath" name="userAbleLoginXpath" time="4.439"/>
  <testcase classname="naveenAutomationAssignment.Tests.ComparisonofCSSandXpath" name="userAbleLoginXpath" time="4.070"/>
  <testcase classname="naveenAutomationAssignment.Tests.ComparisonofCSSandXpath" name="userAbleLoginXpath" time="3.909"/>
  <testcase classname="naveenAutomationAssignment.Tests.ComparisonofCSSandXpath" name="userAbleLoginXpath" time="3.970"/>
  <testcase classname="naveenAutomationAssignment.Tests.ComparisonofCSSandXpath" name="userAbleLoginXpath" time="3.973"/>
  <testcase classname="naveenAutomationAssignment.Tests.ComparisonofCSSandXpath" name="userAbleLoginXpath" time="4.112"/>
  <testcase classname="naveenAutomationAssignment.Tests.ComparisonofCSSandXpath" name="userAbleLoginXpath" time="4.179"/>
  <testcase classname="naveenAutomationAssignment.Tests.ComparisonofCSSandXpath" name="userAbleLoginXpath" time="4.042"/>
  <testcase classname="naveenAutomationAssignment.Tests.ComparisonofCSSandXpath" name="userAbleLoginXpath" time="3.930"/>
  <testcase classname="naveenAutomationAssignment.Tests.ComparisonofCSSandXpath" name="userAbleLoginXpath" time="3.893"/>
  <testcase classname="naveenAutomationAssignment.Tests.ComparisonofCSSandXpath" name="userAbleLoginXpath" time="4.362"/>
  <testcase classname="naveenAutomationAssignment.Tests.ComparisonofCSSandXpath" name="userAbleLoginXpath" time="5.797"/>
  <testcase classname="naveenAutomationAssignment.Tests.ComparisonofCSSandXpath" name="userAbleLoginXpath" time="4.011"/>
  <testcase classname="naveenAutomationAssignment.Tests.ComparisonofCSSandXpath" name="userAbleLoginXpath" time="5.387"/>
  <testcase classname="naveenAutomationAssignment.Tests.ComparisonofCSSandXpath" name="userAbleLoginXpath" time="3.707"/>
  <testcase classname="naveenAutomationAssignment.Tests.ComparisonofCSSandXpath" name="userAbleLoginXpath" time="4.808"/>
  <testcase classname="naveenAutomationAssignment.Tests.ComparisonofCSSandXpath" name="userAbleLoginXpath" time="4.241"/>
  <testcase classname="naveenAutomationAssignment.Tests.ComparisonofCSSandXpath" name="userAbleLoginXpath" time="4.372"/>
  <testcase classname="naveenAutomationAssignment.Tests.ComparisonofCSSandXpath" name="userAbleLoginXpath" time="4.699"/>
  <testcase classname="naveenAutomationAssignment.Tests.ComparisonofCSSandXpath" name="userAbleLoginXpath" time="4.126"/>
  <testcase classname="naveenAutomationAssignment.Tests.ComparisonofCSSandXpath" name="userAbleLoginXpath" time="4.258"/>
  <testcase classname="naveenAutomationAssignment.Tests.ComparisonofCSSandXpath" name="userAbleLoginXpath" time="4.069"/>
  <testcase classname="naveenAutomationAssignment.Tests.ComparisonofCSSandXpath" name="userAbleLoginXpath" time="4.064"/>
  <testcase classname="naveenAutomationAssignment.Tests.ComparisonofCSSandXpath" name="userAbleLoginXpath" time="4.654"/>
  <testcase classname="naveenAutomationAssignment.Tests.ComparisonofCSSandXpath" name="userAbleLoginXpath" time="3.764"/>
  <testcase classname="naveenAutomationAssignment.Tests.ComparisonofCSSandXpath" name="userAbleLoginXpath" time="20.136"/>
  <testcase classname="naveenAutomationAssignment.Tests.ComparisonofCSSandXpath" name="userAbleLoginXpath" time="3.958"/>
  <testcase classname="naveenAutomationAssignment.Tests.ComparisonofCSSandXpath" name="userAbleLoginXpath" time="4.526"/>
  <testcase classname="naveenAutomationAssignment.Tests.ComparisonofCSSandXpath" name="userAbleLoginXpath" time="4.159"/>
  <testcase classname="naveenAutomationAssignment.Tests.ComparisonofCSSandXpath" name="userAbleLoginXpath" time="3.828"/>
  <testcase classname="naveenAutomationAssignment.Tests.ComparisonofCSSandXpath" name="userAbleLoginXpath" time="4.238"/>
  <testcase classname="naveenAutomationAssignment.Tests.ComparisonofCSSandXpath" name="userAbleLoginXpath" time="4.240"/>
  <testcase classname="naveenAutomationAssignment.Tests.ComparisonofCSSandXpath" name="userAbleLoginXpath" time="4.062"/>
  <testcase classname="naveenAutomationAssignment.Tests.ComparisonofCSSandXpath" name="userAbleLoginXpath" time="3.791"/>
  <testcase classname="naveenAutomationAssignment.Tests.ComparisonofCSSandXpath" name="userAbleLoginXpath" time="6.864"/>
  <testcase classname="naveenAutomationAssignment.Tests.ComparisonofCSSandXpath" name="userAbleLoginXpath" time="4.318"/>
  <testcase classname="naveenAutomationAssignment.Tests.ComparisonofCSSandXpath" name="userAbleLoginXpath" time="3.991"/>
  <testcase classname="naveenAutomationAssignment.Tests.ComparisonofCSSandXpath" name="userAbleLoginXpath" time="4.206"/>
  <testcase classname="naveenAutomationAssignment.Tests.ComparisonofCSSandXpath" name="userAbleLoginXpath" time="4.825"/>
  <testcase classname="naveenAutomationAssignment.Tests.ComparisonofCSSandXpath" name="userAbleLoginXpath" time="4.850"/>
  <testcase classname="naveenAutomationAssignment.Tests.ComparisonofCSSandXpath" name="userAbleLoginXpath" time="4.938"/>
  <testcase classname="naveenAutomationAssignment.Tests.ComparisonofCSSandXpath" name="userAbleLoginXpath" time="4.252"/>
  <testcase classname="naveenAutomationAssignment.Tests.ComparisonofCSSandXpath" name="userAbleLoginXpath" time="4.289"/>
  <testcase classname="naveenAutomationAssignment.Tests.ComparisonofCSSandXpath" name="userAbleLoginXpath" time="5.413"/>
  <testcase classname="naveenAutomationAssignment.Tests.ComparisonofCSSandXpath" name="userAbleLoginXpath" time="4.036"/>
  <testcase classname="naveenAutomationAssignment.Tests.ComparisonofCSSandXpath" name="userAbleLoginXpath" time="4.143"/>
  <testcase classname="naveenAutomationAssignment.Tests.ComparisonofCSSandXpath" name="userAbleLoginXpath" time="4.107"/>
  <testcase classname="naveenAutomationAssignment.Tests.ComparisonofCSSandXpath" name="userAbleLoginXpath" time="4.701"/>
  <testcase classname="naveenAutomationAssignment.Tests.ComparisonofCSSandXpath" name="userAbleLoginXpath" time="4.176"/>
  <testcase classname="naveenAutomationAssignment.Tests.ComparisonofCSSandXpath" name="userAbleLoginXpath" time="4.213"/>
  <testcase classname="naveenAutomationAssignment.Tests.ComparisonofCSSandXpath" name="userAbleLoginXpath" time="4.165"/>
  <testcase classname="naveenAutomationAssignment.Tests.ComparisonofCSSandXpath" name="userAbleLoginXpath" time="20.009"/>
  <testcase classname="naveenAutomationAssignment.Tests.ComparisonofCSSandXpath" name="userAbleLoginXpath" time="4.068"/>
  <testcase classname="naveenAutomationAssignment.Tests.ComparisonofCSSandXpath" name="userAbleLoginXpath" time="4.171"/>
  <testcase classname="naveenAutomationAssignment.Tests.ComparisonofCSSandXpath" name="userAbleLoginXpath" time="4.516"/>
  <testcase classname="naveenAutomationAssignment.Tests.ComparisonofCSSandXpath" name="userAbleLoginXpath" time="4.549"/>
  <testcase classname="naveenAutomationAssignment.Tests.ComparisonofCSSandXpath" name="userAbleLoginXpath" time="3.912"/>
  <testcase classname="naveenAutomationAssignment.Tests.ComparisonofCSSandXpath" name="userAbleLoginXpath" time="4.449"/>
  <testcase classname="naveenAutomationAssignment.Tests.ComparisonofCSSandXpath" name="userAbleLoginXpath" time="3.891"/>
  <testcase classname="naveenAutomationAssignment.Tests.ComparisonofCSSandXpath" name="userAbleLoginXpath" time="4.545"/>
  <testcase classname="naveenAutomationAssignment.Tests.ComparisonofCSSandXpath" name="userAbleLoginXpath" time="4.313"/>
  <testcase classname="naveenAutomationAssignment.Tests.ComparisonofCSSandXpath" name="userAbleLoginXpath" time="7.697"/>
  <testcase classname="naveenAutomationAssignment.Tests.ComparisonofCSSandXpath" name="userAbleLoginXpath" time="4.074"/>
  <testcase classname="naveenAutomationAssignment.Tests.ComparisonofCSSandXpath" name="userAbleLoginXpath" time="3.930"/>
  <testcase classname="naveenAutomationAssignment.Tests.ComparisonofCSSandXpath" name="userAbleLoginXpath" time="4.616"/>
  <testcase classname="naveenAutomationAssignment.Tests.ComparisonofCSSandXpath" name="userAbleLoginXpath" time="3.844"/>
  <testcase classname="naveenAutomationAssignment.Tests.ComparisonofCSSandXpath" name="userAbleLoginXpath" time="4.103"/>
  <testcase classname="naveenAutomationAssignment.Tests.ComparisonofCSSandXpath" name="userAbleLoginXpath" time="4.091"/>
  <testcase classname="naveenAutomationAssignment.Tests.ComparisonofCSSandXpath" name="userAbleLoginXpath" time="4.152"/>
  <testcase classname="naveenAutomationAssignment.Tests.ComparisonofCSSandXpath" name="userAbleLoginXpath" time="4.153"/>
  <testcase classname="naveenAutomationAssignment.Tests.ComparisonofCSSandXpath" name="userAbleLoginXpath" time="4.202"/>
  <testcase classname="naveenAutomationAssignment.Tests.ComparisonofCSSandXpath" name="userAbleLoginXpath" time="5.060"/>
  <testcase classname="naveenAutomationAssignment.Tests.ComparisonofCSSandXpath" name="userAbleLoginXpath" time="4.140"/>
  <testcase classname="naveenAutomationAssignment.Tests.ComparisonofCSSandXpath" name="userAbleLoginXpath" time="4.173"/>
  <testcase classname="naveenAutomationAssignment.Tests.ComparisonofCSSandXpath" name="userAbleLoginXpath" time="4.063"/>
  <testcase classname="naveenAutomationAssignment.Tests.ComparisonofCSSandXpath" name="userAbleLoginXpath" time="4.428"/>
  <testcase classname="naveenAutomationAssignment.Tests.ComparisonofCSSandXpath" name="userAbleLoginXpath" time="3.945"/>
  <testcase classname="naveenAutomationAssignment.Tests.ComparisonofCSSandXpath" name="userAbleLoginXpath" time="4.287"/>
  <testcase classname="naveenAutomationAssignment.Tests.ComparisonofCSSandXpath" name="userAbleLoginXpath" time="4.185"/>
  <testcase classname="naveenAutomationAssignment.Tests.ComparisonofCSSandXpath" name="userAbleLoginXpath" time="3.826"/>
  <testcase classname="naveenAutomationAssignment.Tests.ComparisonofCSSandXpath" name="userAbleLoginXpath" time="4.400"/>
  <testcase classname="naveenAutomationAssignment.Tests.ComparisonofCSSandXpath" name="userAbleLoginXpath" time="3.847"/>
  <testcase classname="naveenAutomationAssignment.Tests.ComparisonofCSSandXpath" name="userAbleLoginXpath" time="4.384"/>
  <testcase classname="naveenAutomationAssignment.Tests.ComparisonofCSSandXpath" name="userAbleLoginXpath" time="4.446"/>
  <testcase classname="naveenAutomationAssignment.Tests.ComparisonofCSSandXpath" name="userAbleLoginXpath" time="20.063"/>
  <testcase classname="naveenAutomationAssignment.Tests.ComparisonofCSSandXpath" name="userAbleLoginXpath" time="4.030"/>
  <testcase classname="naveenAutomationAssignment.Tests.ComparisonofCSSandXpath" name="userAbleLoginXpath" time="4.229"/>
  <testcase classname="naveenAutomationAssignment.Tests.ComparisonofCSSandXpath" name="userAbleLoginXpath" time="3.847"/>
  <testcase classname="naveenAutomationAssignment.Tests.ComparisonofCSSandXpath" name="userAbleLoginXpath" time="4.129"/>
  <testcase classname="naveenAutomationAssignment.Tests.ComparisonofCSSandXpath" name="userAbleLoginXpath" time="4.056"/>
  <testcase classname="naveenAutomationAssignment.Tests.ComparisonofCSSandXpath" name="userAbleLoginXpath" time="3.978"/>
  <testcase classname="naveenAutomationAssignment.Tests.ComparisonofCSSandXpath" name="userAbleLoginXpath" time="4.734"/>
  <testcase classname="naveenAutomationAssignment.Tests.ComparisonofCSSandXpath" name="userAbleLoginXpath" time="3.982"/>
  <testcase classname="naveenAutomationAssignment.Tests.ComparisonofCSSandXpath" name="userAbleLoginXpath" time="3.865"/>
  <testcase classname="naveenAutomationAssignment.Tests.ComparisonofCSSandXpath" name="userAbleLoginXpath" time="4.293"/>
  <testcase classname="naveenAutomationAssignment.Tests.ComparisonofCSSandXpath" name="userAbleLoginXpath" time="5.552"/>
  <testcase classname="naveenAutomationAssignment.Tests.ComparisonofCSSandXpath" name="userAbleLoginXpath" time="4.018"/>
  <testcase classname="naveenAutomationAssignment.Tests.ComparisonofCSSandXpath" name="userAbleLoginXpath" time="4.216"/>
  <testcase classname="naveenAutomationAssignment.Tests.ComparisonofCSSandXpath" name="userAbleLoginXpath" time="4.086"/>
  <testcase classname="naveenAutomationAssignment.Tests.ComparisonofCSSandXpath" name="userAbleLoginXpath" time="3.615"/>
  <testcase classname="naveenAutomationAssignment.Tests.ComparisonofCSSandXpath" name="userAbleLoginXpath" time="4.160"/>
  <testcase classname="naveenAutomationAssignment.Tests.ComparisonofCSSandXpath" name="userAbleLoginXpath" time="19.868"/>
  <testcase classname="naveenAutomationAssignment.Tests.ComparisonofCSSandXpath" name="userAbleLoginXpath" time="4.019"/>
  <testcase classname="naveenAutomationAssignment.Tests.ComparisonofCSSandXpath" name="userAbleLoginXpath" time="3.940"/>
  <testcase classname="naveenAutomationAssignment.Tests.ComparisonofCSSandXpath" name="userAbleLoginXpath" time="3.881"/>
  <testcase classname="naveenAutomationAssignment.Tests.ComparisonofCSSandXpath" name="userAbleLoginXpath" time="4.228"/>
  <testcase classname="naveenAutomationAssignment.Tests.ComparisonofCSSandXpath" name="userAbleLoginXpath" time="6.677"/>
  <testcase classname="naveenAutomationAssignment.Tests.ComparisonofCSSandXpath" name="userAbleLoginXpath" time="4.166"/>
  <testcase classname="naveenAutomationAssignment.Tests.ComparisonofCSSandXpath" name="userAbleLoginXpath" time="3.824"/>
  <testcase classname="naveenAutomationAssignment.Tests.ComparisonofCSSandXpath" name="userAbleLoginXpath" time="4.813"/>
  <testcase classname="naveenAutomationAssignment.Tests.ComparisonofCSSandXpath" name="userAbleLoginXpath" time="4.330"/>
  <testcase classname="naveenAutomationAssignment.Tests.ComparisonofCSSandXpath" name="userAbleLoginXpath" time="21.533"/>
  <testcase classname="naveenAutomationAssignment.Tests.ComparisonofCSSandXpath" name="userAbleLoginXpath" time="4.166"/>
  <testcase classname="naveenAutomationAssignment.Tests.ComparisonofCSSandXpath" name="userAbleLoginXpath" time="5.427"/>
  <testcase classname="naveenAutomationAssignment.Tests.ComparisonofCSSandXpath" name="userAbleLoginXpath" time="4.253"/>
  <testcase classname="naveenAutomationAssignment.Tests.ComparisonofCSSandXpath" name="userAbleLoginXpath" time="4.159"/>
  <testcase classname="naveenAutomationAssignment.Tests.ComparisonofCSSandXpath" name="userAbleLoginXpath" time="4.720"/>
  <testcase classname="naveenAutomationAssignment.Tests.ComparisonofCSSandXpath" name="userAbleLoginXpath" time="3.865"/>
  <testcase classname="naveenAutomationAssignment.Tests.ComparisonofCSSandXpath" name="userAbleLoginXpath" time="3.908"/>
  <testcase classname="naveenAutomationAssignment.Tests.ComparisonofCSSandXpath" name="userAbleLoginXpath" time="4.129"/>
  <testcase classname="naveenAutomationAssignment.Tests.ComparisonofCSSandXpath" name="userAbleLoginXpath" time="4.160"/>
  <testcase classname="naveenAutomationAssignment.Tests.ComparisonofCSSandXpath" name="userAbleLoginXpath" time="4.175"/>
  <testcase classname="naveenAutomationAssignment.Tests.ComparisonofCSSandXpath" name="userAbleLoginXpath" time="3.975"/>
  <testcase classname="naveenAutomationAssignment.Tests.ComparisonofCSSandXpath" name="userAbleLoginXpath" time="4.803"/>
  <testcase classname="naveenAutomationAssignment.Tests.ComparisonofCSSandXpath" name="userAbleLoginXpath" time="4.304"/>
  <testcase classname="naveenAutomationAssignment.Tests.ComparisonofCSSandXpath" name="userAbleLoginXpath" time="3.661"/>
  <testcase classname="naveenAutomationAssignment.Tests.ComparisonofCSSandXpath" name="userAbleLoginXpath" time="4.116"/>
  <testcase classname="naveenAutomationAssignment.Tests.ComparisonofCSSandXpath" name="userAbleLoginXpath" time="4.056"/>
  <testcase classname="naveenAutomationAssignment.Tests.ComparisonofCSSandXpath" name="userAbleLoginXpath" time="3.885"/>
  <testcase classname="naveenAutomationAssignment.Tests.ComparisonofCSSandXpath" name="userAbleLoginXpath" time="5.022"/>
  <testcase classname="naveenAutomationAssignment.Tests.ComparisonofCSSandXpath" name="userAbleLoginXpath" time="3.941"/>
  <testcase classname="naveenAutomationAssignment.Tests.ComparisonofCSSandXpath" name="userAbleLoginXpath" time="5.052"/>
  <testcase classname="naveenAutomationAssignment.Tests.ComparisonofCSSandXpath" name="userAbleLoginXpath" time="4.309"/>
  <testcase classname="naveenAutomationAssignment.Tests.ComparisonofCSSandXpath" name="userAbleLoginXpath" time="4.102"/>
  <testcase classname="naveenAutomationAssignment.Tests.ComparisonofCSSandXpath" name="userAbleLoginXpath" time="4.200"/>
  <testcase classname="naveenAutomationAssignment.Tests.ComparisonofCSSandXpath" name="userAbleLoginXpath" time="4.145"/>
  <testcase classname="naveenAutomationAssignment.Tests.ComparisonofCSSandXpath" name="userAbleLoginXpath" time="3.718"/>
  <testcase classname="naveenAutomationAssignment.Tests.ComparisonofCSSandXpath" name="userAbleLoginXpath" time="4.047"/>
  <testcase classname="naveenAutomationAssignment.Tests.ComparisonofCSSandXpath" name="userAbleLoginXpath" time="4.243"/>
  <testcase classname="naveenAutomationAssignment.Tests.ComparisonofCSSandXpath" name="userAbleLoginXpath" time="3.796"/>
  <testcase classname="naveenAutomationAssignment.Tests.ComparisonofCSSandXpath" name="userAbleLoginXpath" time="3.998"/>
  <testcase classname="naveenAutomationAssignment.Tests.ComparisonofCSSandXpath" name="userAbleLoginXpath" time="20.290"/>
  <testcase classname="naveenAutomationAssignment.Tests.ComparisonofCSSandXpath" name="userAbleLoginXpath" time="4.028"/>
  <testcase classname="naveenAutomationAssignment.Tests.ComparisonofCSSandXpath" name="userAbleLoginXpath" time="4.223"/>
  <testcase classname="naveenAutomationAssignment.Tests.ComparisonofCSSandXpath" name="userAbleLoginXpath" time="4.761"/>
  <testcase classname="naveenAutomationAssignment.Tests.ComparisonofCSSandXpath" name="userAbleLoginXpath" time="3.699"/>
  <testcase classname="naveenAutomationAssignment.Tests.ComparisonofCSSandXpath" name="userAbleLoginXpath" time="4.451"/>
  <testcase classname="naveenAutomationAssignment.Tests.ComparisonofCSSandXpath" name="userAbleLoginXpath" time="4.510"/>
  <testcase classname="naveenAutomationAssignment.Tests.ComparisonofCSSandXpath" name="userAbleLoginXpath" time="4.179"/>
  <testcase classname="naveenAutomationAssignment.Tests.ComparisonofCSSandXpath" name="userAbleLoginXpath" time="6.341"/>
  <testcase classname="naveenAutomationAssignment.Tests.ComparisonofCSSandXpath" name="userAbleLoginXpath" time="4.193"/>
  <testcase classname="naveenAutomationAssignment.Tests.ComparisonofCSSandXpath" name="userAbleLoginXpath" time="4.060"/>
  <testcase classname="naveenAutomationAssignment.Tests.ComparisonofCSSandXpath" name="userAbleLoginXpath" time="3.759"/>
  <testcase classname="naveenAutomationAssignment.Tests.ComparisonofCSSandXpath" name="userAbleLoginXpath" time="4.129"/>
  <testcase classname="naveenAutomationAssignment.Tests.ComparisonofCSSandXpath" name="userAbleLoginXpath" time="3.893"/>
  <testcase classname="naveenAutomationAssignment.Tests.ComparisonofCSSandXpath" name="userAbleLoginXpath" time="19.966"/>
  <testcase classname="naveenAutomationAssignment.Tests.ComparisonofCSSandXpath" name="userAbleLoginXpath" time="5.025"/>
  <testcase classname="naveenAutomationAssignment.Tests.ComparisonofCSSandXpath" name="userAbleLoginXpath" time="3.942"/>
  <testcase classname="naveenAutomationAssignment.Tests.ComparisonofCSSandXpath" name="userAbleLoginXpath" time="4.014"/>
  <testcase classname="naveenAutomationAssignment.Tests.ComparisonofCSSandXpath" name="userAbleLoginXpath" time="4.215"/>
  <testcase classname="naveenAutomationAssignment.Tests.ComparisonofCSSandXpath" name="userAbleLoginXpath" time="3.894"/>
  <testcase classname="naveenAutomationAssignment.Tests.ComparisonofCSSandXpath" name="userAbleLoginXpath" time="3.672"/>
  <testcase classname="naveenAutomationAssignment.Tests.ComparisonofCSSandXpath" name="userAbleLoginXpath" time="4.300"/>
  <testcase classname="naveenAutomationAssignment.Tests.ComparisonofCSSandXpath" name="userAbleLoginXpath" time="4.323"/>
  <testcase classname="naveenAutomationAssignment.Tests.ComparisonofCSSandXpath" name="userAbleLoginXpath" time="3.998"/>
  <testcase classname="naveenAutomationAssignment.Tests.ComparisonofCSSandXpath" name="userAbleLoginXpath" time="4.877"/>
  <testcase classname="naveenAutomationAssignment.Tests.ComparisonofCSSandXpath" name="userAbleLoginXpath" time="4.487"/>
  <testcase classname="naveenAutomationAssignment.Tests.ComparisonofCSSandXpath" name="userAbleLoginXpath" time="4.216"/>
  <testcase classname="naveenAutomationAssignment.Tests.ComparisonofCSSandXpath" name="userAbleLoginXpath" time="3.705"/>
  <testcase classname="naveenAutomationAssignment.Tests.ComparisonofCSSandXpath" name="userAbleLoginXpath" time="3.707"/>
  <testcase classname="naveenAutomationAssignment.Tests.ComparisonofCSSandXpath" name="userAbleLoginXpath" time="3.977"/>
  <testcase classname="naveenAutomationAssignment.Tests.ComparisonofCSSandXpath" name="userAbleLoginXpath" time="3.814"/>
  <testcase classname="naveenAutomationAssignment.Tests.ComparisonofCSSandXpath" name="userAbleLoginXpath" time="4.590"/>
  <testcase classname="naveenAutomationAssignment.Tests.ComparisonofCSSandXpath" name="userAbleLoginXpath" time="3.998"/>
  <testcase classname="naveenAutomationAssignment.Tests.ComparisonofCSSandXpath" name="userAbleLoginXpath" time="4.046"/>
  <testcase classname="naveenAutomationAssignment.Tests.ComparisonofCSSandXpath" name="userAbleLoginXpath" time="5.376"/>
  <testcase classname="naveenAutomationAssignment.Tests.ComparisonofCSSandXpath" name="userAbleLoginXpath" time="4.548"/>
  <testcase classname="naveenAutomationAssignment.Tests.ComparisonofCSSandXpath" name="userAbleLoginXpath" time="4.266"/>
  <testcase classname="naveenAutomationAssignment.Tests.ComparisonofCSSandXpath" name="userAbleLoginXpath" time="4.584"/>
  <testcase classname="naveenAutomationAssignment.Tests.ComparisonofCSSandXpath" name="userAbleLoginXpath" time="4.262"/>
  <testcase classname="naveenAutomationAssignment.Tests.ComparisonofCSSandXpath" name="userAbleLoginXpath" time="3.715"/>
  <testcase classname="naveenAutomationAssignment.Tests.ComparisonofCSSandXpath" name="userAbleLoginXpath" time="4.255"/>
  <testcase classname="naveenAutomationAssignment.Tests.ComparisonofCSSandXpath" name="userAbleLoginXpath" time="4.357"/>
  <testcase classname="naveenAutomationAssignment.Tests.ComparisonofCSSandXpath" name="userAbleLoginXpath" time="7.677"/>
  <testcase classname="naveenAutomationAssignment.Tests.ComparisonofCSSandXpath" name="userAbleLoginXpath" time="3.629"/>
  <testcase classname="naveenAutomationAssignment.Tests.ComparisonofCSSandXpath" name="userAbleLoginXpath" time="4.025"/>
  <testcase classname="naveenAutomationAssignment.Tests.ComparisonofCSSandXpath" name="userAbleLoginXpath" time="4.260"/>
  <testcase classname="naveenAutomationAssignment.Tests.ComparisonofCSSandXpath" name="userAbleLoginXpath" time="3.897"/>
  <testcase classname="naveenAutomationAssignment.Tests.ComparisonofCSSandXpath" name="userAbleLoginXpath" time="4.313"/>
  <testcase classname="naveenAutomationAssignment.Tests.ComparisonofCSSandXpath" name="userAbleLoginXpath" time="4.983"/>
  <testcase classname="naveenAutomationAssignment.Tests.ComparisonofCSSandXpath" name="userAbleLoginXpath" time="3.982"/>
  <testcase classname="naveenAutomationAssignment.Tests.ComparisonofCSSandXpath" name="userAbleLoginXpath" time="4.363"/>
  <testcase classname="naveenAutomationAssignment.Tests.ComparisonofCSSandXpath" name="userAbleLoginXpath" time="5.668"/>
  <testcase classname="naveenAutomationAssignment.Tests.ComparisonofCSSandXpath" name="userAbleLoginXpath" time="4.831"/>
  <testcase classname="naveenAutomationAssignment.Tests.ComparisonofCSSandXpath" name="userAbleLoginXpath" time="3.958"/>
  <testcase classname="naveenAutomationAssignment.Tests.ComparisonofCSSandXpath" name="userAbleLoginXpath" time="4.251"/>
  <testcase classname="naveenAutomationAssignment.Tests.ComparisonofCSSandXpath" name="userAbleLoginXpath" time="3.604"/>
  <testcase classname="naveenAutomationAssignment.Tests.ComparisonofCSSandXpath" name="userAbleLoginXpath" time="4.412"/>
  <testcase classname="naveenAutomationAssignment.Tests.ComparisonofCSSandXpath" name="userAbleLoginXpath" time="4.043"/>
  <testcase classname="naveenAutomationAssignment.Tests.ComparisonofCSSandXpath" name="userAbleLoginXpath" time="4.432"/>
  <testcase classname="naveenAutomationAssignment.Tests.ComparisonofCSSandXpath" name="userAbleLoginXpath" time="4.116"/>
  <testcase classname="naveenAutomationAssignment.Tests.ComparisonofCSSandXpath" name="userAbleLoginXpath" time="4.216"/>
  <testcase classname="naveenAutomationAssignment.Tests.ComparisonofCSSandXpath" name="userAbleLoginXpath" time="4.590"/>
  <testcase classname="naveenAutomationAssignment.Tests.ComparisonofCSSandXpath" name="userAbleLoginXpath" time="4.125"/>
  <testcase classname="naveenAutomationAssignment.Tests.ComparisonofCSSandXpath" name="userAbleLoginXpath" time="4.357"/>
  <testcase classname="naveenAutomationAssignment.Tests.ComparisonofCSSandXpath" name="userAbleLoginXpath" time="4.350"/>
  <testcase classname="naveenAutomationAssignment.Tests.ComparisonofCSSandXpath" name="userAbleLoginXpath" time="4.305"/>
  <testcase classname="naveenAutomationAssignment.Tests.ComparisonofCSSandXpath" name="userAbleLoginXpath" time="4.041"/>
  <testcase classname="naveenAutomationAssignment.Tests.ComparisonofCSSandXpath" name="userAbleLoginXpath" time="4.171"/>
  <testcase classname="naveenAutomationAssignment.Tests.ComparisonofCSSandXpath" name="userAbleLoginXpath" time="4.422"/>
  <testcase classname="naveenAutomationAssignment.Tests.ComparisonofCSSandXpath" name="userAbleLoginXpath" time="4.101"/>
  <testcase classname="naveenAutomationAssignment.Tests.ComparisonofCSSandXpath" name="userAbleLoginXpath" time="4.000"/>
  <testcase classname="naveenAutomationAssignment.Tests.ComparisonofCSSandXpath" name="userAbleLoginXpath" time="4.127"/>
  <testcase classname="naveenAutomationAssignment.Tests.ComparisonofCSSandXpath" name="userAbleLoginXpath" time="4.116"/>
  <testcase classname="naveenAutomationAssignment.Tests.ComparisonofCSSandXpath" name="userAbleLoginXpath" time="4.327"/>
  <testcase classname="naveenAutomationAssignment.Tests.ComparisonofCSSandXpath" name="userAbleLoginXpath" time="4.015"/>
  <testcase classname="naveenAutomationAssignment.Tests.ComparisonofCSSandXpath" name="userAbleLoginXpath" time="4.310"/>
  <testcase classname="naveenAutomationAssignment.Tests.ComparisonofCSSandXpath" name="userAbleLoginXpath" time="4.067"/>
  <testcase classname="naveenAutomationAssignment.Tests.ComparisonofCSSandXpath" name="userAbleLoginXpath" time="4.341"/>
  <testcase classname="naveenAutomationAssignment.Tests.ComparisonofCSSandXpath" name="userAbleLoginXpath" time="3.908"/>
  <testcase classname="naveenAutomationAssignment.Tests.ComparisonofCSSandXpath" name="userAbleLoginXpath" time="4.103"/>
  <testcase classname="naveenAutomationAssignment.Tests.ComparisonofCSSandXpath" name="userAbleLoginXpath" time="3.995"/>
  <testcase classname="naveenAutomationAssignment.Tests.ComparisonofCSSandXpath" name="userAbleLoginXpath" time="4.568"/>
  <testcase classname="naveenAutomationAssignment.Tests.ComparisonofCSSandXpath" name="userAbleLoginXpath" time="3.550"/>
  <testcase classname="naveenAutomationAssignment.Tests.ComparisonofCSSandXpath" name="userAbleLoginXpath" time="4.180"/>
  <testcase classname="naveenAutomationAssignment.Tests.ComparisonofCSSandXpath" name="userAbleLoginXpath" time="4.813"/>
  <testcase classname="naveenAutomationAssignment.Tests.ComparisonofCSSandXpath" name="userAbleLoginXpath" time="4.720"/>
  <testcase classname="naveenAutomationAssignment.Tests.ComparisonofCSSandXpath" name="userAbleLoginXpath" time="4.087"/>
  <testcase classname="naveenAutomationAssignment.Tests.ComparisonofCSSandXpath" name="userAbleLoginXpath" time="3.867"/>
  <testcase classname="naveenAutomationAssignment.Tests.ComparisonofCSSandXpath" name="userAbleLoginXpath" time="4.838"/>
  <testcase classname="naveenAutomationAssignment.Tests.ComparisonofCSSandXpath" name="userAbleLoginXpath" time="4.807"/>
  <testcase classname="naveenAutomationAssignment.Tests.ComparisonofCSSandXpath" name="userAbleLoginXpath" time="3.860"/>
  <testcase classname="naveenAutomationAssignment.Tests.ComparisonofCSSandXpath" name="userAbleLoginXpath" time="4.104"/>
  <testcase classname="naveenAutomationAssignment.Tests.ComparisonofCSSandXpath" name="userAbleLoginXpath" time="3.933"/>
  <testcase classname="naveenAutomationAssignment.Tests.ComparisonofCSSandXpath" name="userAbleLoginXpath" time="6.064"/>
  <testcase classname="naveenAutomationAssignment.Tests.ComparisonofCSSandXpath" name="userAbleLoginXpath" time="4.565"/>
  <testcase classname="naveenAutomationAssignment.Tests.ComparisonofCSSandXpath" name="userAbleLoginXpath" time="4.196"/>
  <testcase classname="naveenAutomationAssignment.Tests.ComparisonofCSSandXpath" name="userAbleLoginXpath" time="4.031"/>
  <testcase classname="naveenAutomationAssignment.Tests.ComparisonofCSSandXpath" name="userAbleLoginXpath" time="7.198"/>
  <testcase classname="naveenAutomationAssignment.Tests.ComparisonofCSSandXpath" name="userAbleLoginXpath" time="20.349"/>
  <testcase classname="naveenAutomationAssignment.Tests.ComparisonofCSSandXpath" name="userAbleLoginXpath" time="4.176"/>
  <testcase classname="naveenAutomationAssignment.Tests.ComparisonofCSSandXpath" name="userAbleLoginXpath" time="5.120"/>
  <testcase classname="naveenAutomationAssignment.Tests.ComparisonofCSSandXpath" name="userAbleLoginXpath" time="3.789"/>
  <testcase classname="naveenAutomationAssignment.Tests.ComparisonofCSSandXpath" name="userAbleLoginXpath" time="3.955"/>
  <testcase classname="naveenAutomationAssignment.Tests.ComparisonofCSSandXpath" name="userAbleLoginXpath" time="4.008"/>
  <testcase classname="naveenAutomationAssignment.Tests.ComparisonofCSSandXpath" name="userAbleLoginXpath" time="20.391"/>
  <testcase classname="naveenAutomationAssignment.Tests.ComparisonofCSSandXpath" name="userAbleLoginXpath" time="3.798"/>
  <testcase classname="naveenAutomationAssignment.Tests.ComparisonofCSSandXpath" name="userAbleLoginXpath" time="4.080"/>
  <testcase classname="naveenAutomationAssignment.Tests.ComparisonofCSSandXpath" name="userAbleLoginXpath" time="3.925"/>
  <testcase classname="naveenAutomationAssignment.Tests.ComparisonofCSSandXpath" name="userAbleLoginXpath" time="4.741"/>
  <testcase classname="naveenAutomationAssignment.Tests.ComparisonofCSSandXpath" name="userAbleLoginXpath" time="5.177"/>
  <testcase classname="naveenAutomationAssignment.Tests.ComparisonofCSSandXpath" name="userAbleLoginXpath" time="3.557"/>
  <testcase classname="naveenAutomationAssignment.Tests.ComparisonofCSSandXpath" name="userAbleLoginXpath" time="4.111"/>
  <testcase classname="naveenAutomationAssignment.Tests.ComparisonofCSSandXpath" name="userAbleLoginXpath" time="4.591"/>
  <testcase classname="naveenAutomationAssignment.Tests.ComparisonofCSSandXpath" name="userAbleLoginXpath" time="4.640"/>
  <testcase classname="naveenAutomationAssignment.Tests.ComparisonofCSSandXpath" name="userAbleLoginXpath" time="3.954"/>
  <testcase classname="naveenAutomationAssignment.Tests.ComparisonofCSSandXpath" name="userAbleLoginXpath" time="3.700"/>
  <testcase classname="naveenAutomationAssignment.Tests.ComparisonofCSSandXpath" name="userAbleLoginXpath" time="3.878"/>
  <testcase classname="naveenAutomationAssignment.Tests.ComparisonofCSSandXpath" name="userAbleLoginXpath" time="4.175"/>
  <testcase classname="naveenAutomationAssignment.Tests.ComparisonofCSSandXpath" name="userAbleLoginXpath" time="3.964"/>
  <testcase classname="naveenAutomationAssignment.Tests.ComparisonofCSSandXpath" name="userAbleLoginXpath" time="4.391"/>
  <testcase classname="naveenAutomationAssignment.Tests.ComparisonofCSSandXpath" name="userAbleLoginXpath" time="3.911"/>
  <testcase classname="naveenAutomationAssignment.Tests.ComparisonofCSSandXpath" name="userAbleLoginXpath" time="4.221"/>
  <testcase classname="naveenAutomationAssignment.Tests.ComparisonofCSSandXpath" name="userAbleLoginXpath" time="4.102"/>
  <testcase classname="naveenAutomationAssignment.Tests.ComparisonofCSSandXpath" name="userAbleLoginXpath" time="3.964"/>
  <testcase classname="naveenAutomationAssignment.Tests.ComparisonofCSSandXpath" name="userAbleLoginXpath" time="4.606"/>
  <testcase classname="naveenAutomationAssignment.Tests.ComparisonofCSSandXpath" name="userAbleLoginXpath" time="4.094"/>
  <testcase classname="naveenAutomationAssignment.Tests.ComparisonofCSSandXpath" name="userAbleLoginXpath" time="3.964"/>
  <testcase classname="naveenAutomationAssignment.Tests.ComparisonofCSSandXpath" name="userAbleLoginXpath" time="3.795"/>
  <testcase classname="naveenAutomationAssignment.Tests.ComparisonofCSSandXpath" name="userAbleLoginXpath" time="3.993"/>
  <testcase classname="naveenAutomationAssignment.Tests.ComparisonofCSSandXpath" name="userAbleLoginXpath" time="4.091"/>
  <testcase classname="naveenAutomationAssignment.Tests.ComparisonofCSSandXpath" name="userAbleLoginXpath" time="4.206"/>
  <testcase classname="naveenAutomationAssignment.Tests.ComparisonofCSSandXpath" name="userAbleLoginXpath" time="4.181"/>
  <testcase classname="naveenAutomationAssignment.Tests.ComparisonofCSSandXpath" name="userAbleLoginXpath" time="4.216"/>
  <testcase classname="naveenAutomationAssignment.Tests.ComparisonofCSSandXpath" name="userAbleLoginXpath" time="3.818"/>
  <testcase classname="naveenAutomationAssignment.Tests.ComparisonofCSSandXpath" name="userAbleLoginXpath" time="3.844"/>
  <testcase classname="naveenAutomationAssignment.Tests.ComparisonofCSSandXpath" name="userAbleLoginXpath" time="3.734"/>
  <testcase classname="naveenAutomationAssignment.Tests.ComparisonofCSSandXpath" name="userAbleLoginXpath" time="3.886"/>
  <testcase classname="naveenAutomationAssignment.Tests.ComparisonofCSSandXpath" name="userAbleLoginXpath" time="4.933"/>
  <testcase classname="naveenAutomationAssignment.Tests.ComparisonofCSSandXpath" name="userAbleLoginXpath" time="3.817"/>
  <testcase classname="naveenAutomationAssignment.Tests.ComparisonofCSSandXpath" name="userAbleLoginXpath" time="27.242"/>
  <testcase classname="naveenAutomationAssignment.Tests.ComparisonofCSSandXpath" name="userAbleLoginXpath" time="4.212"/>
  <testcase classname="naveenAutomationAssignment.Tests.ComparisonofCSSandXpath" name="userAbleLoginXpath" time="4.648"/>
  <testcase classname="naveenAutomationAssignment.Tests.ComparisonofCSSandXpath" name="userAbleLoginXpath" time="3.796"/>
  <testcase classname="naveenAutomationAssignment.Tests.ComparisonofCSSandXpath" name="userAbleLoginXpath" time="4.435"/>
  <testcase classname="naveenAutomationAssignment.Tests.ComparisonofCSSandXpath" name="userAbleLoginXpath" time="3.933"/>
  <testcase classname="naveenAutomationAssignment.Tests.ComparisonofCSSandXpath" name="userAbleLoginXpath" time="4.183"/>
  <testcase classname="naveenAutomationAssignment.Tests.ComparisonofCSSandXpath" name="userAbleLoginXpath" time="4.206"/>
  <testcase classname="naveenAutomationAssignment.Tests.ComparisonofCSSandXpath" name="userAbleLoginXpath" time="20.004"/>
  <testcase classname="naveenAutomationAssignment.Tests.ComparisonofCSSandXpath" name="userAbleLoginXpath" time="4.408"/>
  <testcase classname="naveenAutomationAssignment.Tests.ComparisonofCSSandXpath" name="userAbleLoginXpath" time="4.950"/>
  <testcase classname="naveenAutomationAssignment.Tests.ComparisonofCSSandXpath" name="userAbleLoginXpath" time="19.933"/>
  <testcase classname="naveenAutomationAssignment.Tests.ComparisonofCSSandXpath" name="userAbleLoginXpath" time="5.761"/>
  <testcase classname="naveenAutomationAssignment.Tests.ComparisonofCSSandXpath" name="userAbleLoginXpath" time="6.611"/>
  <testcase classname="naveenAutomationAssignment.Tests.ComparisonofCSSandXpath" name="userAbleLoginXpath" time="4.329"/>
  <testcase classname="naveenAutomationAssignment.Tests.ComparisonofCSSandXpath" name="userAbleLoginXpath" time="3.975"/>
  <testcase classname="naveenAutomationAssignment.Tests.ComparisonofCSSandXpath" name="userAbleLoginXpath" time="4.052"/>
  <testcase classname="naveenAutomationAssignment.Tests.ComparisonofCSSandXpath" name="userAbleLoginXpath" time="4.290"/>
  <testcase classname="naveenAutomationAssignment.Tests.ComparisonofCSSandXpath" name="userAbleLoginXpath" time="4.170"/>
  <testcase classname="naveenAutomationAssignment.Tests.ComparisonofCSSandXpath" name="userAbleLoginXpath" time="5.949"/>
  <testcase classname="naveenAutomationAssignment.Tests.ComparisonofCSSandXpath" name="userAbleLoginXpath" time="4.037"/>
  <testcase classname="naveenAutomationAssignment.Tests.ComparisonofCSSandXpath" name="userAbleLoginXpath" time="3.815"/>
  <testcase classname="naveenAutomationAssignment.Tests.ComparisonofCSSandXpath" name="userAbleLoginXpath" time="4.663"/>
  <testcase classname="naveenAutomationAssignment.Tests.ComparisonofCSSandXpath" name="userAbleLoginXpath" time="5.029"/>
  <testcase classname="naveenAutomationAssignment.Tests.ComparisonofCSSandXpath" name="userAbleLoginXpath" time="4.584"/>
  <testcase classname="naveenAutomationAssignment.Tests.ComparisonofCSSandXpath" name="userAbleLoginXpath" time="4.260"/>
  <testcase classname="naveenAutomationAssignment.Tests.ComparisonofCSSandXpath" name="userAbleLoginXpath" time="3.591"/>
  <testcase classname="naveenAutomationAssignment.Tests.ComparisonofCSSandXpath" name="userAbleLoginXpath" time="4.191"/>
  <testcase classname="naveenAutomationAssignment.Tests.ComparisonofCSSandXpath" name="userAbleLoginXpath" time="4.514"/>
  <testcase classname="naveenAutomationAssignment.Tests.ComparisonofCSSandXpath" name="userAbleLoginXpath" time="20.034"/>
  <testcase classname="naveenAutomationAssignment.Tests.ComparisonofCSSandXpath" name="userAbleLoginXpath" time="3.693"/>
  <testcase classname="naveenAutomationAssignment.Tests.ComparisonofCSSandXpath" name="userAbleLoginXpath" time="4.382"/>
  <testcase classname="naveenAutomationAssignment.Tests.ComparisonofCSSandXpath" name="userAbleLoginXpath" time="4.131"/>
  <testcase classname="naveenAutomationAssignment.Tests.ComparisonofCSSandXpath" name="userAbleLoginXpath" time="3.905"/>
  <testcase classname="naveenAutomationAssignment.Tests.ComparisonofCSSandXpath" name="userAbleLoginXpath" time="4.032"/>
  <testcase classname="naveenAutomationAssignment.Tests.ComparisonofCSSandXpath" name="userAbleLoginXpath" time="4.999"/>
  <testcase classname="naveenAutomationAssignment.Tests.ComparisonofCSSandXpath" name="userAbleLoginXpath" time="4.809"/>
  <testcase classname="naveenAutomationAssignment.Tests.ComparisonofCSSandXpath" name="userAbleLoginXpath" time="4.468"/>
  <testcase classname="naveenAutomationAssignment.Tests.ComparisonofCSSandXpath" name="userAbleLoginXpath" time="4.095"/>
  <testcase classname="naveenAutomationAssignment.Tests.ComparisonofCSSandXpath" name="userAbleLoginXpath" time="4.337"/>
  <testcase classname="naveenAutomationAssignment.Tests.ComparisonofCSSandXpath" name="userAbleLoginXpath" time="4.265"/>
  <testcase classname="naveenAutomationAssignment.Tests.ComparisonofCSSandXpath" name="userAbleLoginXpath" time="4.929"/>
  <testcase classname="naveenAutomationAssignment.Tests.ComparisonofCSSandXpath" name="userAbleLoginXpath" time="4.391"/>
  <testcase classname="naveenAutomationAssignment.Tests.ComparisonofCSSandXpath" name="userAbleLoginXpath" time="3.817"/>
  <testcase classname="naveenAutomationAssignment.Tests.ComparisonofCSSandXpath" name="userAbleLoginXpath" time="3.798"/>
  <testcase classname="naveenAutomationAssignment.Tests.ComparisonofCSSandXpath" name="userAbleLoginXpath" time="4.468"/>
  <testcase classname="naveenAutomationAssignment.Tests.ComparisonofCSSandXpath" name="userAbleLoginXpath" time="3.666"/>
  <testcase classname="naveenAutomationAssignment.Tests.ComparisonofCSSandXpath" name="userAbleLoginXpath" time="3.769"/>
  <testcase classname="naveenAutomationAssignment.Tests.ComparisonofCSSandXpath" name="userAbleLoginXpath" time="4.061"/>
  <testcase classname="naveenAutomationAssignment.Tests.ComparisonofCSSandXpath" name="userAbleLoginXpath" time="3.851"/>
  <testcase classname="naveenAutomationAssignment.Tests.ComparisonofCSSandXpath" name="userAbleLoginXpath" time="4.312"/>
  <testcase classname="naveenAutomationAssignment.Tests.ComparisonofCSSandXpath" name="userAbleLoginXpath" time="19.709"/>
  <testcase classname="naveenAutomationAssignment.Tests.ComparisonofCSSandXpath" name="userAbleLoginXpath" time="4.423"/>
  <testcase classname="naveenAutomationAssignment.Tests.ComparisonofCSSandXpath" name="userAbleLoginXpath" time="5.002"/>
  <testcase classname="naveenAutomationAssignment.Tests.ComparisonofCSSandXpath" name="userAbleLoginXpath" time="3.907"/>
  <testcase classname="naveenAutomationAssignment.Tests.ComparisonofCSSandXpath" name="userAbleLoginXpath" time="4.563"/>
  <testcase classname="naveenAutomationAssignment.Tests.ComparisonofCSSandXpath" name="userAbleLoginXpath" time="3.561"/>
  <testcase classname="naveenAutomationAssignment.Tests.ComparisonofCSSandXpath" name="userAbleLoginXpath" time="3.961"/>
  <testcase classname="naveenAutomationAssignment.Tests.ComparisonofCSSandXpath" name="userAbleLoginXpath" time="4.332"/>
  <testcase classname="naveenAutomationAssignment.Tests.ComparisonofCSSandXpath" name="userAbleLoginXpath" time="5.900"/>
</testsuite> <!-- naveenAutomationAssignment.Tests.ComparisonofCSSandXpath -->
