<?xml version="1.0" encoding="UTF-8"?>
<!-- Generated by org.testng.reporters.JUnitReportReporter -->
<testsuite hostname="DESKTOP-5A74DQH" failures="0" tests="1" name="naveenAutomationAssignment.Tests.MyAccountClickOnHomeTest" time="11.217" errors="0" timestamp="27 Dec. 2022 05:37:18 GMT" skipped="0">
  <testcase classname="naveenAutomationAssignment.Tests.MyAccountClickOnHomeTest" name="verifyMyAccountDropDownClick" time="11.217"/>
</testsuite> <!-- naveenAutomationAssignment.Tests.MyAccountClickOnHomeTest -->
