<?xml version="1.0" encoding="UTF-8"?>
<!-- Generated by org.testng.reporters.JUnitReportReporter -->
<testsuite hostname="DESKTOP-5A74DQH" failures="0" tests="5" name="naveenAutomationAssignment.Tests.AccountLogInTest" time="66.054" errors="0" timestamp="2023-01-12T02:09:30 PST" skipped="0">
  <testcase classname="naveenAutomationAssignment.Tests.AccountLogInTest" name="verifyAccountInfoOfUsers" time="22.518"/>
  <system-out/>
  <testcase classname="naveenAutomationAssignment.Tests.AccountLogInTest" name="verifyAccountInfoOfUsers" time="6.290"/>
  <system-out/>
  <testcase classname="naveenAutomationAssignment.Tests.AccountLogInTest" name="verifyAccountInfoOfUsers" time="24.590"/>
  <system-out/>
  <testcase classname="naveenAutomationAssignment.Tests.AccountLogInTest" name="verifyAccountInfoOfUsers" time="6.082"/>
  <system-out/>
  <testcase classname="naveenAutomationAssignment.Tests.AccountLogInTest" name="verifyAccountInfoOfUsers" time="6.574"/>
  <system-out/>
</testsuite> <!-- naveenAutomationAssignment.Tests.AccountLogInTest -->
