<?xml version="1.0" encoding="UTF-8"?>
<!-- Generated by org.testng.reporters.JUnitReportReporter -->
<testsuite hostname="DESKTOP-5A74DQH" failures="0" tests="1" name="naveenAutomationAssignment.Tests.UserRegistrationTest" time="7.352" errors="0" timestamp="26 Dec. 2022 05:30:29 GMT" skipped="0">
  <testcase classname="naveenAutomationAssignment.Tests.UserRegistrationTest" name="verifyLogin" time="7.352"/>
</testsuite> <!-- naveenAutomationAssignment.Tests.UserRegistrationTest -->
