<?xml version="1.0" encoding="UTF-8"?>
<!-- Generated by org.testng.reporters.JUnitReportReporter -->
<testsuite hostname="DESKTOP-5A74DQH" failures="0" tests="1" name="naveenAutomationAssignment.Tests.UserAbleToSubscribeOrUnsubscribe" time="22.276" errors="0" timestamp="30 Dec. 2022 00:40:34 GMT" skipped="0">
  <testcase classname="naveenAutomationAssignment.Tests.UserAbleToSubscribeOrUnsubscribe" name="VerifyUserAbleToLogin" time="22.276"/>
</testsuite> <!-- naveenAutomationAssignment.Tests.UserAbleToSubscribeOrUnsubscribe -->
