<?xml version="1.0" encoding="UTF-8"?>
<!-- Generated by org.testng.reporters.JUnitReportReporter -->
<testsuite hostname="DESKTOP-5A74DQH" failures="0" tests="1" name="naveenAutomationAssignment.Tests.WishListTest" time="26.044" errors="0" timestamp="2023-01-12T01:58:50 PST" skipped="0">
  <testcase classname="naveenAutomationAssignment.Tests.WishListTest" name="verifyTitleOfPageItemSelectedwithPrice" time="26.044"/>
  <system-out/>
</testsuite> <!-- naveenAutomationAssignment.Tests.WishListTest -->
