<?xml version="1.0" encoding="UTF-8"?>
<!-- Generated by org.testng.reporters.JUnitReportReporter -->
<testsuite hostname="DESKTOP-5A74DQH" failures="0" tests="1" name="naveenAutomationAssignment.Tests.UserAbleToLogOut" time="9.935" errors="0" timestamp="29 Dec. 2022 23:34:02 GMT" skipped="0">
  <testcase classname="naveenAutomationAssignment.Tests.UserAbleToLogOut" name="VerifyUserAbleToLogin" time="9.935"/>
</testsuite> <!-- naveenAutomationAssignment.Tests.UserAbleToLogOut -->
