<?xml version="1.0" encoding="UTF-8"?>
<!-- Generated by org.testng.reporters.JUnitReportReporter -->
<testsuite hostname="DESKTOP-5A74DQH" failures="0" tests="1" name="naveenAutomationAssignment.Tests.AccountLogOutTest" time="7.487" errors="0" timestamp="2023-01-12T01:58:51 PST" skipped="0">
  <testcase classname="naveenAutomationAssignment.Tests.AccountLogOutTest" name="VerifyUserAbleToLogin" time="7.487"/>
  <system-out/>
</testsuite> <!-- naveenAutomationAssignment.Tests.AccountLogOutTest -->
