<?xml version="1.0" encoding="UTF-8"?>
<!-- Generated by org.testng.reporters.JUnitReportReporter -->
<testsuite hostname="DESKTOP-5A74DQH" failures="0" tests="1" name="naveenAutomationAssignment.Tests.ChangePhnNumber" time="15.841" errors="0" timestamp="30 Dec. 2022 01:44:36 GMT" skipped="0">
  <testcase classname="naveenAutomationAssignment.Tests.ChangePhnNumber" name="VerifyUserAbleToChangePhnNumber" time="15.841"/>
</testsuite> <!-- naveenAutomationAssignment.Tests.ChangePhnNumber -->
