<?xml version="1.0" encoding="UTF-8"?>
<!-- Generated by org.testng.reporters.JUnitReportReporter -->
<testsuite hostname="DESKTOP-5A74DQH" failures="0" tests="1" name="naveenAutomationAssignment.Tests.UserAbleToLogin" time="10.301" errors="0" timestamp="30 Dec. 2022 01:08:54 GMT" skipped="0">
  <testcase classname="naveenAutomationAssignment.Tests.UserAbleToLogin" name="VerifyUserAbleToLogin" time="10.301"/>
</testsuite> <!-- naveenAutomationAssignment.Tests.UserAbleToLogin -->
