<?xml version="1.0" encoding="UTF-8"?>
<!-- Generated by org.testng.reporters.JUnitReportReporter -->
<testsuite hostname="DESKTOP-5A74DQH" failures="0" tests="1" name="naveenAutomationAssignment.Tests.LaptopsNotebooksTest" time="6.939" errors="0" timestamp="2023-01-10T22:21:00 PST" skipped="0">
  <testcase classname="naveenAutomationAssignment.Tests.LaptopsNotebooksTest" name="verifyClickSortAndSelectOption" time="6.939"/>
  <system-out/>
</testsuite> <!-- naveenAutomationAssignment.Tests.LaptopsNotebooksTest -->
