<?xml version="1.0" encoding="UTF-8"?>
<!-- Generated by org.testng.reporters.JUnitReportReporter -->
<testsuite hostname="DESKTOP-5A74DQH" failures="0" tests="1" name="naveenAutomationAssignment.Tests.AccountLogInTest" time="0.000" errors="0" timestamp="2023-01-10T22:21:00 PST" skipped="1">
  <testcase classname="naveenAutomationAssignment.Tests.AccountLogInTest" name="verifyAlertBannerForInvalidLoginCredentials" time="0.000">
    <skipped/>
  </testcase> <!-- verifyAlertBannerForInvalidLoginCredentials -->
  <system-out/>
</testsuite> <!-- naveenAutomationAssignment.Tests.AccountLogInTest -->
