<?xml version="1.0" encoding="UTF-8"?>
<!-- Generated by org.testng.reporters.JUnitReportReporter -->
<testsuite hostname="DESKTOP-5A74DQH" failures="0" tests="1" name="naveenAutomationAssignment.Tests.AddressBookTest" time="5.247" errors="0" timestamp="2023-01-10T22:21:00 PST" skipped="0">
  <testcase classname="naveenAutomationAssignment.Tests.AddressBookTest" name="deleteAddressFirstFromAddressBookTable" time="5.247"/>
  <system-out/>
</testsuite> <!-- naveenAutomationAssignment.Tests.AddressBookTest -->
